<?xml version="1.0" encoding="UTF-8"?>
<!-- Generated by org.testng.reporters.JUnitReportReporter -->
<testsuite hostname="MacBook-Air-de-Jorge.local" failures="0" tests="1" name="is.lab01.EjemploVehiculoTest" time="0.052" errors="0" timestamp="2021-09-13T11:25:41 PET" skipped="0">
  <testcase classname="is.lab01.EjemploVehiculoTest" name="Test01" time="0.052"/>
  <system-out/>
</testsuite> <!-- is.lab01.EjemploVehiculoTest -->
