<?xml version="1.0" encoding="UTF-8"?>
<!-- Generated by org.testng.reporters.JUnitReportReporter -->
<testsuite hostname="MacBook-Air-de-Jorge.local" failures="0" tests="82" name="is.lab01.CamionTest" time="0.063" errors="0" timestamp="2021-09-15T12:04:04 PET" skipped="0">
  <testcase classname="is.lab01.CamionTest" name="Test02_Stress" time="0.001"/>
  <system-out/>
  <testcase classname="is.lab01.CamionTest" name="Test02_Stress" time="0.000"/>
  <system-out/>
  <testcase classname="is.lab01.CamionTest" name="Test02_Stress" time="0.000"/>
  <system-out/>
  <testcase classname="is.lab01.CamionTest" name="Test02_Stress" time="0.000"/>
  <system-out/>
  <testcase classname="is.lab01.CamionTest" name="Test02_Stress" time="0.000"/>
  <system-out/>
  <testcase classname="is.lab01.CamionTest" name="Test02_Stress" time="0.000"/>
  <system-out/>
  <testcase classname="is.lab01.CamionTest" name="Test02_Stress" time="0.000"/>
  <system-out/>
  <testcase classname="is.lab01.CamionTest" name="Test02_Stress" time="0.001"/>
  <system-out/>
  <testcase classname="is.lab01.CamionTest" name="Test02_Stress" time="0.001"/>
  <system-out/>
  <testcase classname="is.lab01.CamionTest" name="Test02_Stress" time="0.001"/>
  <system-out/>
  <testcase classname="is.lab01.CamionTest" name="Test02_Stress" time="0.000"/>
  <system-out/>
  <testcase classname="is.lab01.CamionTest" name="Test02_Stress" time="0.000"/>
  <system-out/>
  <testcase classname="is.lab01.CamionTest" name="Test02_Stress" time="0.000"/>
  <system-out/>
  <testcase classname="is.lab01.CamionTest" name="Test02_Stress" time="0.000"/>
  <system-out/>
  <testcase classname="is.lab01.CamionTest" name="Test02_Stress" time="0.000"/>
  <system-out/>
  <testcase classname="is.lab01.CamionTest" name="Test02_Stress" time="0.001"/>
  <system-out/>
  <testcase classname="is.lab01.CamionTest" name="Test02_Stress" time="0.001"/>
  <system-out/>
  <testcase classname="is.lab01.CamionTest" name="Test02_Stress" time="0.000"/>
  <system-out/>
  <testcase classname="is.lab01.CamionTest" name="Test02_Stress" time="0.000"/>
  <system-out/>
  <testcase classname="is.lab01.CamionTest" name="Test02_Stress" time="0.001"/>
  <system-out/>
  <testcase classname="is.lab01.CamionTest" name="Test02_Stress" time="0.000"/>
  <system-out/>
  <testcase classname="is.lab01.CamionTest" name="Test02_Stress" time="0.001"/>
  <system-out/>
  <testcase classname="is.lab01.CamionTest" name="Test02_Stress" time="0.000"/>
  <system-out/>
  <testcase classname="is.lab01.CamionTest" name="Test02_Stress" time="0.001"/>
  <system-out/>
  <testcase classname="is.lab01.CamionTest" name="Test02_Stress" time="0.001"/>
  <system-out/>
  <testcase classname="is.lab01.CamionTest" name="Test02_Stress" time="0.001"/>
  <system-out/>
  <testcase classname="is.lab01.CamionTest" name="Test02_Stress" time="0.001"/>
  <system-out/>
  <testcase classname="is.lab01.CamionTest" name="Test02_Stress" time="0.000"/>
  <system-out/>
  <testcase classname="is.lab01.CamionTest" name="Test02_Stress" time="0.000"/>
  <system-out/>
  <testcase classname="is.lab01.CamionTest" name="Test02_Stress" time="0.001"/>
  <system-out/>
  <testcase classname="is.lab01.CamionTest" name="Test02_Stress" time="0.000"/>
  <system-out/>
  <testcase classname="is.lab01.CamionTest" name="Test02_Stress" time="0.000"/>
  <system-out/>
  <testcase classname="is.lab01.CamionTest" name="Test02_Stress" time="0.001"/>
  <system-out/>
  <testcase classname="is.lab01.CamionTest" name="Test02_Stress" time="0.001"/>
  <system-out/>
  <testcase classname="is.lab01.CamionTest" name="Test02_Stress" time="0.001"/>
  <system-out/>
  <testcase classname="is.lab01.CamionTest" name="Test02_Stress" time="0.001"/>
  <system-out/>
  <testcase classname="is.lab01.CamionTest" name="Test02_Stress" time="0.001"/>
  <system-out/>
  <testcase classname="is.lab01.CamionTest" name="Test02_Stress" time="0.000"/>
  <system-out/>
  <testcase classname="is.lab01.CamionTest" name="Test02_Stress" time="0.001"/>
  <system-out/>
  <testcase classname="is.lab01.CamionTest" name="Test02_Stress" time="0.000"/>
  <system-out/>
  <testcase classname="is.lab01.CamionTest" name="Test02_Stress" time="0.001"/>
  <system-out/>
  <testcase classname="is.lab01.CamionTest" name="Test02_Stress" time="0.000"/>
  <system-out/>
  <testcase classname="is.lab01.CamionTest" name="Test02_Stress" time="0.001"/>
  <system-out/>
  <testcase classname="is.lab01.CamionTest" name="Test02_Stress" time="0.000"/>
  <system-out/>
  <testcase classname="is.lab01.CamionTest" name="Test02_Stress" time="0.001"/>
  <system-out/>
  <testcase classname="is.lab01.CamionTest" name="Test02_Stress" time="0.000"/>
  <system-out/>
  <testcase classname="is.lab01.CamionTest" name="Test02_Stress" time="0.000"/>
  <system-out/>
  <testcase classname="is.lab01.CamionTest" name="Test02_Stress" time="0.001"/>
  <system-out/>
  <testcase classname="is.lab01.CamionTest" name="Test02_Stress" time="0.001"/>
  <system-out/>
  <testcase classname="is.lab01.CamionTest" name="Test02_Stress" time="0.000"/>
  <system-out/>
  <testcase classname="is.lab01.CamionTest" name="Test02_Stress" time="0.001"/>
  <system-out/>
  <testcase classname="is.lab01.CamionTest" name="Test02_Stress" time="0.001"/>
  <system-out/>
  <testcase classname="is.lab01.CamionTest" name="Test02_Stress" time="0.000"/>
  <system-out/>
  <testcase classname="is.lab01.CamionTest" name="Test02_Stress" time="0.001"/>
  <system-out/>
  <testcase classname="is.lab01.CamionTest" name="Test02_Stress" time="0.001"/>
  <system-out/>
  <testcase classname="is.lab01.CamionTest" name="Test02_Stress" time="0.000"/>
  <system-out/>
  <testcase classname="is.lab01.CamionTest" name="Test02_Stress" time="0.001"/>
  <system-out/>
  <testcase classname="is.lab01.CamionTest" name="Test02_Stress" time="0.000"/>
  <system-out/>
  <testcase classname="is.lab01.CamionTest" name="Test02_Stress" time="0.000"/>
  <system-out/>
  <testcase classname="is.lab01.CamionTest" name="Test02_Stress" time="0.001"/>
  <system-out/>
  <testcase classname="is.lab01.CamionTest" name="Test02_Stress" time="0.000"/>
  <system-out/>
  <testcase classname="is.lab01.CamionTest" name="Test02_Stress" time="0.000"/>
  <system-out/>
  <testcase classname="is.lab01.CamionTest" name="Test02_Stress" time="0.000"/>
  <system-out/>
  <testcase classname="is.lab01.CamionTest" name="Test02_Stress" time="0.000"/>
  <system-out/>
  <testcase classname="is.lab01.CamionTest" name="Test02_Stress" time="0.000"/>
  <system-out/>
  <testcase classname="is.lab01.CamionTest" name="Test02_Stress" time="0.000"/>
  <system-out/>
  <testcase classname="is.lab01.CamionTest" name="Test02_Stress" time="0.001"/>
  <system-out/>
  <testcase classname="is.lab01.CamionTest" name="Test02_Stress" time="0.001"/>
  <system-out/>
  <testcase classname="is.lab01.CamionTest" name="Test02_Stress" time="0.000"/>
  <system-out/>
  <testcase classname="is.lab01.CamionTest" name="Test02_Stress" time="0.001"/>
  <system-out/>
  <testcase classname="is.lab01.CamionTest" name="Test02_Stress" time="0.000"/>
  <system-out/>
  <testcase classname="is.lab01.CamionTest" name="Test02_Stress" time="0.001"/>
  <system-out/>
  <testcase classname="is.lab01.CamionTest" name="Test02_Stress" time="0.000"/>
  <system-out/>
  <testcase classname="is.lab01.CamionTest" name="Test02_Stress" time="0.000"/>
  <system-out/>
  <testcase classname="is.lab01.CamionTest" name="Test01_fuelCantidad_Fail" time="0.003"/>
  <system-out/>
  <testcase classname="is.lab01.CamionTest" name="Test02_Stress" time="0.000"/>
  <system-out/>
  <testcase classname="is.lab01.CamionTest" name="Test02_Stress" time="0.001"/>
  <system-out/>
  <testcase classname="is.lab01.CamionTest" name="Test02_Stress" time="0.001"/>
  <system-out/>
  <testcase classname="is.lab01.CamionTest" name="Test01_fuelCantidad_OK" time="0.023"/>
  <system-out/>
  <testcase classname="is.lab01.CamionTest" name="Test02_Stress" time="0.001"/>
  <system-out/>
  <testcase classname="is.lab01.CamionTest" name="Test02_Stress" time="0.000"/>
  <system-out/>
  <testcase classname="is.lab01.CamionTest" name="Test02_Stress" time="0.000"/>
  <system-out/>
</testsuite> <!-- is.lab01.CamionTest -->
