<?xml version="1.0" encoding="UTF-8"?>
<!-- Generated by org.testng.reporters.JUnitReportReporter -->
<testsuite hostname="MacBook-Air-de-Jorge.local" failures="0" tests="3" name="is.lab01.EjemploVehiculoTest" time="0.081" errors="0" timestamp="2021-09-15T12:13:21 PET" skipped="0">
  <testcase classname="is.lab01.EjemploVehiculoTest" name="Test01" time="0.061"/>
  <system-out/>
  <testcase classname="is.lab01.EjemploVehiculoTest" name="Test02" time="0.020"/>
  <system-out/>
  <testcase classname="is.lab01.EjemploVehiculoTest" name="Test03" time="0.000"/>
  <system-out/>
</testsuite> <!-- is.lab01.EjemploVehiculoTest -->
